#
# There is insufficient memory for the Java Runtime Environment to continue.
# Native memory allocation (mmap) failed to map 264241152 bytes. Error detail: G1 virtual space
# Possible reasons:
#   The system is out of physical RAM or swap space
#   This process is running with CompressedOops enabled, and the Java Heap may be blocking the growth of the native heap
# Possible solutions:
#   Reduce memory load on the system
#   Increase physical memory or swap space
#   Check if swap backing store is full
#   Decrease Java heap size (-Xmx/-Xms)
#   Decrease number of Java threads
#   Decrease Java thread stack sizes (-Xss)
#   Set larger code cache with -XX:ReservedCodeCacheSize=
#   JVM is running with Zero Based Compressed Oops mode in which the Java heap is
#     placed in the first 32GB address space. The Java Heap base address is the
#     maximum limit for the native heap growth. Please use -XX:HeapBaseMinAddress
#     to set the Java Heap base and to place the Java Heap above 32GB virtual address.
# This output file may be truncated or incomplete.
#
#  Out of Memory Error (os_windows.cpp:3631), pid=24608, tid=24876
#
# JRE version:  (22.0.1+8) (build )
# Java VM: OpenJDK 64-Bit Server VM (22.0.1+8, mixed mode, sharing, tiered, compressed oops, compressed class ptrs, g1 gc, windows-amd64)
# No core dump will be written. Minidumps are not enabled by default on client versions of Windows
#

---------------  S U M M A R Y ------------

Command Line: -Dmaven.home=EMBEDDED -Dclassworlds.conf=C:\Users\ATULP12\eclipse-workspace\.metadata\.plugins\org.eclipse.m2e.launching\launches\m2conf2295130347100992954.tmp -Dmaven.multiModuleProjectDirectory=C:\Spring-boot-sample-application\Backend\spring-boot-backend -Dm2e.build.project.data.socket.port=59630 -Dfile.encoding=UTF-8 -Dstdout.encoding=UTF-8 -Dstderr.encoding=UTF-8 -XX:+ShowCodeDetailsInExceptionMessages -agentpath:C:\Program Files\Palo Alto Networks\Traps\cyjagent.dll org.codehaus.plexus.classworlds.launcher.Launcher -B -Dstyle.color=always install

Host: 12th Gen Intel(R) Core(TM) i7-1265U, 12 cores, 15G,  Windows 11 , 64 bit Build 22621 (10.0.22621.3374)
Time: Wed Jul 31 14:17:12 2024 India Standard Time elapsed time: 0.128009 seconds (0d 0h 0m 0s)

---------------  T H R E A D  ---------------

Current thread (0x000001dccadc9920):  JavaThread "Unknown thread" [_thread_in_vm, id=24876, stack(0x000000758eb00000,0x000000758ec00000) (1024K)]

Stack: [0x000000758eb00000,0x000000758ec00000]
Native frames: (J=compiled Java code, j=interpreted, Vv=VM code, C=native code)
V  [jvm.dll+0x6ea239]  (no source info available)
V  [jvm.dll+0x8ccf93]  (no source info available)
V  [jvm.dll+0x8cf3be]  (no source info available)
V  [jvm.dll+0x8cfa93]  (no source info available)
V  [jvm.dll+0x286ea6]  (no source info available)
V  [jvm.dll+0x6e68c5]  (no source info available)
V  [jvm.dll+0x6db54a]  (no source info available)
V  [jvm.dll+0x3601ba]  (no source info available)
V  [jvm.dll+0x368686]  (no source info available)
V  [jvm.dll+0x3ba43e]  (no source info available)
V  [jvm.dll+0x3ba6e8]  (no source info available)
V  [jvm.dll+0x333cbc]  (no source info available)
V  [jvm.dll+0x334878]  (no source info available)
V  [jvm.dll+0x894ebc]  (no source info available)
V  [jvm.dll+0x3c7531]  (no source info available)
V  [jvm.dll+0x87dc3c]  (no source info available)
V  [jvm.dll+0x460e3e]  (no source info available)
V  [jvm.dll+0x462c51]  (no source info available)
C  [cyvrtrap.dll+0xfa13]  (no source info available)
C  [jli.dll+0x5278]  (no source info available)
C  [ucrtbase.dll+0x29333]  (no source info available)
C  [cyinjct.dll+0x11e7]  (no source info available)
C  [KERNEL32.DLL+0x1257d]  (no source info available)
C  [ntdll.dll+0x5aa48]  (no source info available)


---------------  P R O C E S S  ---------------

Threads class SMR info:
_java_thread_list=0x00007ffc45cac688, length=0, elements={
}

Java Threads: ( => current thread )
Total: 0

Other Threads:
  0x000001dccae340d0 WorkerThread "GC Thread#0"                     [id=23876, stack(0x000000758ec00000,0x000000758ed00000) (1024K)]
  0x000001dce2d38560 ConcurrentGCThread "G1 Main Marker"            [id=10536, stack(0x000000758ed00000,0x000000758ee00000) (1024K)]
  0x000001dccae3d250 WorkerThread "G1 Conc#0"                       [id=17588, stack(0x000000758ee00000,0x000000758ef00000) (1024K)]

[error occurred during error reporting (printing all threads), id 0xc0000005, EXCEPTION_ACCESS_VIOLATION (0xc0000005) at pc=0x00007ffc45396b17]
VM state: not at safepoint (not fully initialized)

VM Mutex/Monitor currently owned by a thread:  ([mutex/lock_event])
[0x00007ffc45d300a8] Heap_lock - owner thread: 0x000001dccadc9920

Heap address: 0x0000000705a00000, size: 4006 MB, Compressed Oops mode: Zero based, Oop shift amount: 3

CDS archive(s) mapped at: [0x0000000000000000-0x0000000000000000-0x0000000000000000), size 0, SharedBaseAddress: 0x0000000800000000, ArchiveRelocationMode: 1.
Narrow klass base: 0x0000000000000000, Narrow klass shift: 0, Narrow klass range: 0x0

GC Precious Log:
 CardTable entry size: 512
 Card Set container configuration: InlinePtr #cards 4 size 8 Array Of Cards #cards 16 size 48 Howl #buckets 8 coarsen threshold 3686 Howl Bitmap #cards 512 size 80 coarsen threshold 460 Card regions per heap region 1 cards per card region 4096

Heap:
 garbage-first heap   total reserved 4102144K, committed 0K, used 0K [0x0000000705a00000, 0x0000000800000000)
  region size 2048K, 0 young (0K), 0 survivors (0K)

[error occurred during error reporting (printing heap information), id 0xc0000005, EXCEPTION_ACCESS_VIOLATION (0xc0000005) at pc=0x00007ffc45796e29]
GC Heap History (0 events):
No events

Dll operation events (1 events):
Event: 0.108 Loaded shared library C:\Users\ATULP12\.p2\pool\plugins\org.eclipse.justj.openjdk.hotspot.jre.full.win32.x86_64_22.0.1.v20240426-1149\jre\bin\java.dll

Deoptimization events (0 events):
No events

Classes loaded (0 events):
No events

Classes unloaded (0 events):
No events

Classes redefined (0 events):
No events

Internal exceptions (0 events):
No events

ZGC Phase Switch (0 events):
No events

VM Operations (0 events):
No events

Events (0 events):
No events


Dynamic libraries:
0x00007ff6cec30000 - 0x00007ff6cec3e000 	C:\Users\ATULP12\.p2\pool\plugins\org.eclipse.justj.openjdk.hotspot.jre.full.win32.x86_64_22.0.1.v20240426-1149\jre\bin\javaw.exe
0x00007ffcb2b90000 - 0x00007ffcb2da6000 	C:\Windows\SYSTEM32\ntdll.dll
0x00007ffcb28d0000 - 0x00007ffcb2994000 	C:\Windows\System32\KERNEL32.DLL
0x00007ffcb2520000 - 0x00007ffcb28c7000 	C:\Windows\System32\KERNELBASE.dll
0x000000007e740000 - 0x000000007e77b000 	C:\Windows\System32\cyinjct.dll
0x00007ffcb23b0000 - 0x00007ffcb23bc000 	C:\Windows\System32\ntnativeapi.dll
0x00007ffca94c0000 - 0x00007ffca94d7000 	C:\Users\ATULP12\.p2\pool\plugins\org.eclipse.justj.openjdk.hotspot.jre.full.win32.x86_64_22.0.1.v20240426-1149\jre\bin\jli.dll
0x000001dcc8770000 - 0x000001dcc891e000 	C:\Windows\System32\USER32.dll
0x00007ffcb0140000 - 0x00007ffcb0166000 	C:\Windows\System32\win32u.dll
0x00007ffcb17b0000 - 0x00007ffcb17d9000 	C:\Windows\System32\GDI32.dll
0x00007ffcafd90000 - 0x00007ffcafea9000 	C:\Windows\System32\gdi32full.dll
0x00007ffcafeb0000 - 0x00007ffcaff4a000 	C:\Windows\System32\msvcp_win.dll
0x000001dcc8920000 - 0x000001dcc8a31000 	C:\Windows\System32\ucrtbase.dll
0x00007ffca7cf0000 - 0x00007ffca7d0b000 	C:\Users\ATULP12\.p2\pool\plugins\org.eclipse.justj.openjdk.hotspot.jre.full.win32.x86_64_22.0.1.v20240426-1149\jre\bin\VCRUNTIME140.dll
0x00007ffc95bc0000 - 0x00007ffc95e53000 	C:\Windows\WinSxS\amd64_microsoft.windows.common-controls_6595b64144ccf1df_6.0.22621.3235_none_270f74e173860f98\COMCTL32.dll
0x00007ffcb12a0000 - 0x00007ffcb1347000 	C:\Windows\System32\msvcrt.dll
0x00007ffcb2390000 - 0x00007ffcb23ae000 	C:\Windows\System32\cyvera.dll
0x00007ffcb2320000 - 0x00007ffcb238e000 	C:\Windows\System32\cyvrtrap.dll
0x00007ffcb0470000 - 0x00007ffcb04a1000 	C:\Windows\System32\IMM32.DLL
0x00007ffc6d270000 - 0x00007ffc6d314000 	C:\Program Files\McAfee\Endpoint Security\Threat Prevention\Ips\EpMPApi.dll
0x00007ffcb2400000 - 0x00007ffcb2515000 	C:\Windows\System32\RPCRT4.dll
0x00007ffcb1050000 - 0x00007ffcb1102000 	C:\Windows\System32\ADVAPI32.dll
0x00007ffcb17e0000 - 0x00007ffcb1888000 	C:\Windows\System32\sechost.dll
0x00007ffcb0290000 - 0x00007ffcb02b8000 	C:\Windows\System32\bcrypt.dll
0x00007ffcb0380000 - 0x00007ffcb03eb000 	C:\Windows\System32\WINTRUST.dll
0x00007ffcaffd0000 - 0x00007ffcb0137000 	C:\Windows\System32\CRYPT32.dll
0x00007ffcaf590000 - 0x00007ffcaf5a2000 	C:\Windows\SYSTEM32\MSASN1.dll
0x0000000051170000 - 0x000000005117c000 	C:\Program Files\McAfee\Endpoint Security\Threat Prevention\Ips\EpMPThe.dll
0x00007ffcaa3d0000 - 0x00007ffcaa3dc000 	C:\Users\ATULP12\.p2\pool\plugins\org.eclipse.justj.openjdk.hotspot.jre.full.win32.x86_64_22.0.1.v20240426-1149\jre\bin\vcruntime140_1.dll
0x00007ffc86180000 - 0x00007ffc8620e000 	C:\Users\ATULP12\.p2\pool\plugins\org.eclipse.justj.openjdk.hotspot.jre.full.win32.x86_64_22.0.1.v20240426-1149\jre\bin\msvcp140.dll
0x00007ffc45050000 - 0x00007ffc45e12000 	C:\Users\ATULP12\.p2\pool\plugins\org.eclipse.justj.openjdk.hotspot.jre.full.win32.x86_64_22.0.1.v20240426-1149\jre\bin\server\jvm.dll
0x00007ffcb1d00000 - 0x00007ffcb1d71000 	C:\Windows\System32\WS2_32.dll
0x00007ffcafc60000 - 0x00007ffcafcad000 	C:\Windows\SYSTEM32\POWRPROF.dll
0x00007ffca8470000 - 0x00007ffca84a4000 	C:\Windows\SYSTEM32\WINMM.dll
0x00007ffc9f140000 - 0x00007ffc9f14a000 	C:\Windows\SYSTEM32\VERSION.dll
0x00007ffcafb90000 - 0x00007ffcafba3000 	C:\Windows\SYSTEM32\UMPDC.dll
0x00007ffcaeca0000 - 0x00007ffcaecb8000 	C:\Windows\SYSTEM32\kernel.appcore.dll
0x00007ffc530d0000 - 0x00007ffc530da000 	C:\Users\ATULP12\.p2\pool\plugins\org.eclipse.justj.openjdk.hotspot.jre.full.win32.x86_64_22.0.1.v20240426-1149\jre\bin\jimage.dll
0x00007ffcad320000 - 0x00007ffcad553000 	C:\Windows\SYSTEM32\DBGHELP.DLL
0x00007ffcb1970000 - 0x00007ffcb1cf8000 	C:\Windows\System32\combase.dll
0x00007ffcb2200000 - 0x00007ffcb22d7000 	C:\Windows\System32\OLEAUT32.dll
0x00007ffc8b5d0000 - 0x00007ffc8b602000 	C:\Windows\SYSTEM32\dbgcore.DLL
0x00007ffcaff50000 - 0x00007ffcaffc9000 	C:\Windows\System32\bcryptPrimitives.dll
0x00007ffcb22e0000 - 0x00007ffcb2317000 	C:\Program Files\Palo Alto Networks\Traps\cyjagent.dll
0x00007ffc48a70000 - 0x00007ffc48a8e000 	C:\Users\ATULP12\.p2\pool\plugins\org.eclipse.justj.openjdk.hotspot.jre.full.win32.x86_64_22.0.1.v20240426-1149\jre\bin\java.dll
0x00007ffcb07f0000 - 0x00007ffcb104c000 	C:\Windows\System32\SHELL32.dll
0x00007ffcb13b0000 - 0x00007ffcb1555000 	C:\Windows\System32\ole32.dll

dbghelp: loaded successfully - version: 4.0.5 - missing functions: none
symbol engine: initialized successfully - sym options: 0x614 - pdb path: .;C:\Users\ATULP12\.p2\pool\plugins\org.eclipse.justj.openjdk.hotspot.jre.full.win32.x86_64_22.0.1.v20240426-1149\jre\bin;C:\Windows\SYSTEM32;C:\Windows\WinSxS\amd64_microsoft.windows.common-controls_6595b64144ccf1df_6.0.22621.3235_none_270f74e173860f98;C:\Program Files\McAfee\Endpoint Security\Threat Prevention\Ips;C:\Users\ATULP12\.p2\pool\plugins\org.eclipse.justj.openjdk.hotspot.jre.full.win32.x86_64_22.0.1.v20240426-1149\jre\bin\server;C:\Program Files\Palo Alto Networks\Traps

VM Arguments:
jvm_args: -Dmaven.home=EMBEDDED -Dclassworlds.conf=C:\Users\ATULP12\eclipse-workspace\.metadata\.plugins\org.eclipse.m2e.launching\launches\m2conf2295130347100992954.tmp -Dmaven.multiModuleProjectDirectory=C:\Spring-boot-sample-application\Backend\spring-boot-backend -Dm2e.build.project.data.socket.port=59630 -Dfile.encoding=UTF-8 -Dstdout.encoding=UTF-8 -Dstderr.encoding=UTF-8 -XX:+ShowCodeDetailsInExceptionMessages -agentpath:C:\Program Files\Palo Alto Networks\Traps\cyjagent.dll 
java_command: org.codehaus.plexus.classworlds.launcher.Launcher -B -Dstyle.color=always install
java_class_path (initial): C:\Users\ATULP12\.p2\pool\plugins\org.eclipse.m2e.maven.runtime_3.9.700.20240602-2313\jars\plexus-classworlds-2.8.0.jar
Launcher Type: SUN_STANDARD

[Global flags]
     intx CICompilerCount                          = 4                                         {product} {ergonomic}
     uint ConcGCThreads                            = 3                                         {product} {ergonomic}
     uint G1ConcRefinementThreads                  = 10                                        {product} {ergonomic}
   size_t G1HeapRegionSize                         = 2097152                                   {product} {ergonomic}
   size_t InitialHeapSize                          = 264241152                                 {product} {ergonomic}
   size_t MarkStackSize                            = 4194304                                   {product} {ergonomic}
   size_t MaxHeapSize                              = 4200595456                                {product} {ergonomic}
   size_t MinHeapDeltaBytes                        = 2097152                                   {product} {ergonomic}
   size_t MinHeapSize                              = 8388608                                   {product} {ergonomic}
    uintx NonNMethodCodeHeapSize                   = 5839372                                {pd product} {ergonomic}
    uintx NonProfiledCodeHeapSize                  = 122909434                              {pd product} {ergonomic}
    uintx ProfiledCodeHeapSize                     = 122909434                              {pd product} {ergonomic}
    uintx ReservedCodeCacheSize                    = 251658240                              {pd product} {ergonomic}
     bool SegmentedCodeCache                       = true                                      {product} {ergonomic}
     bool ShowCodeDetailsInExceptionMessages       = true                                   {manageable} {command line}
   size_t SoftMaxHeapSize                          = 4200595456                             {manageable} {ergonomic}
     bool UseCompressedOops                        = true                           {product lp64_product} {ergonomic}
     bool UseG1GC                                  = true                                      {product} {ergonomic}
     bool UseLargePagesIndividualAllocation        = false                                  {pd product} {ergonomic}

Logging:
Log output configuration:
 #0: stdout all=warning uptime,level,tags foldmultilines=false
 #1: stderr all=off uptime,level,tags foldmultilines=false

Environment Variables:
PATH=C:/Users/ATULP12/.p2/pool/plugins/org.eclipse.justj.openjdk.hotspot.jre.full.win32.x86_64_22.0.1.v20240426-1149/jre/bin/server;C:/Users/ATULP12/.p2/pool/plugins/org.eclipse.justj.openjdk.hotspot.jre.full.win32.x86_64_22.0.1.v20240426-1149/jre/bin;C:\Program Files\Common Files\Oracle\Java\javapath;C:\Program Files\Python312\Scripts\;C:\Program Files\Python312\;C:\Program Files\Java\jdk1.8.0_201\bin;C:\Program Files\Microsoft VS Code\bin;C:\Program Files\nodejs\;C:\Program Files\Git\cmd;C:\Users\ATULP12\AppData\Local\Microsoft\WindowsApps;C:\Users\ATULP12\AppData\Roaming\npm;C:\Windows\system32;
USERNAME=atulp12
OS=Windows_NT
PROCESSOR_IDENTIFIER=Intel64 Family 6 Model 154 Stepping 4, GenuineIntel
TMP=C:\Users\ATULP12\AppData\Local\Temp
TEMP=C:\Users\ATULP12\AppData\Local\Temp




Periodic native trim disabled

---------------  S Y S T E M  ---------------

OS:
 Windows 11 , 64 bit Build 22621 (10.0.22621.3374)
OS uptime: 0 days 2:20 hours
Hyper-V role detected

CPU: total 12 (initial active 12) (6 cores per cpu, 2 threads per core) family 6 model 154 stepping 4 microcode 0x430, cx8, cmov, fxsr, ht, mmx, 3dnowpref, sse, sse2, sse3, ssse3, sse4.1, sse4.2, popcnt, lzcnt, tsc, tscinvbit, avx, avx2, aes, erms, clmul, bmi1, bmi2, adx, sha, fma, vzeroupper, clflush, clflushopt, clwb, hv, serialize, rdtscp, rdpid, fsrm, f16c, cet_ibt, cet_ss
Processor Information for processor 0
  Max Mhz: 1800, Current Mhz: 1472, Mhz Limit: 1800
Processor Information for processor 1
  Max Mhz: 1800, Current Mhz: 1472, Mhz Limit: 1800
Processor Information for processor 2
  Max Mhz: 1800, Current Mhz: 1472, Mhz Limit: 1800
Processor Information for processor 3
  Max Mhz: 1800, Current Mhz: 1800, Mhz Limit: 1800
Processor Information for processor 4
  Max Mhz: 1800, Current Mhz: 1300, Mhz Limit: 1296
Processor Information for processor 5
  Max Mhz: 1800, Current Mhz: 1300, Mhz Limit: 1296
Processor Information for processor 6
  Max Mhz: 1800, Current Mhz: 1300, Mhz Limit: 1296
Processor Information for processor 7
  Max Mhz: 1800, Current Mhz: 1300, Mhz Limit: 1296
Processor Information for processor 8
  Max Mhz: 1800, Current Mhz: 1300, Mhz Limit: 1296
Processor Information for processor 9
  Max Mhz: 1800, Current Mhz: 1300, Mhz Limit: 1296
Processor Information for processor 10
  Max Mhz: 1800, Current Mhz: 1300, Mhz Limit: 1296
Processor Information for processor 11
  Max Mhz: 1800, Current Mhz: 1300, Mhz Limit: 1296

Memory: 4k page, system-wide physical 16016M (4165M free)
TotalPageFile size 16016M (AvailPageFile size 6M)
current process WorkingSet (physical memory assigned to process): 14M, peak: 14M
current process commit charge ("private bytes"): 68M, peak: 320M

vm_info: OpenJDK 64-Bit Server VM (22.0.1+8) for windows-amd64 JRE (22.0.1+8), built on 2024-04-16T00:00:00Z by "admin" with MS VC++ 17.7 (VS2022)

END.
