#
# There is insufficient memory for the Java Runtime Environment to continue.
# Native memory allocation (malloc) failed to allocate 154576 bytes. Error detail: Chunk::new
# Possible reasons:
#   The system is out of physical RAM or swap space
#   This process is running with CompressedOops enabled, and the Java Heap may be blocking the growth of the native heap
# Possible solutions:
#   Reduce memory load on the system
#   Increase physical memory or swap space
#   Check if swap backing store is full
#   Decrease Java heap size (-Xmx/-Xms)
#   Decrease number of Java threads
#   Decrease Java thread stack sizes (-Xss)
#   Set larger code cache with -XX:ReservedCodeCacheSize=
#   JVM is running with Zero Based Compressed Oops mode in which the Java heap is
#     placed in the first 32GB address space. The Java Heap base address is the
#     maximum limit for the native heap growth. Please use -XX:HeapBaseMinAddress
#     to set the Java Heap base and to place the Java Heap above 32GB virtual address.
# This output file may be truncated or incomplete.
#
#  Out of Memory Error (arena.cpp:150), pid=16952, tid=17896
#
# JRE version: OpenJDK Runtime Environment Temurin-22.0.1+8 (22.0.1+8) (build 22.0.1+8)
# Java VM: OpenJDK 64-Bit Server VM Temurin-22.0.1+8 (22.0.1+8, mixed mode, tiered, compressed oops, compressed class ptrs, g1 gc, windows-amd64)
# No core dump will be written. Minidumps are not enabled by default on client versions of Windows
#

---------------  S U M M A R Y ------------

Command Line: -agentpath:C:\Program Files\Palo Alto Networks\Traps\cyjagent.dll C:\Users\ATULP12\AppData\Local\Temp\surefire1405131072860449549\surefirebooter-20240731142138985_3.jar C:\Users\ATULP12\AppData\Local\Temp\surefire1405131072860449549 2024-07-31T14-21-38_415-jvmRun1 surefire-20240731142138985_1tmp surefire_0-20240731142138985_2tmp

Host: 12th Gen Intel(R) Core(TM) i7-1265U, 12 cores, 15G,  Windows 11 , 64 bit Build 22621 (10.0.22621.3374)
Time: Wed Jul 31 14:21:49 2024 India Standard Time elapsed time: 1.760917 seconds (0d 0h 0m 1s)

---------------  T H R E A D  ---------------

Current thread (0x000001a964058010):  JavaThread "C2 CompilerThread1" daemon [_thread_in_native, id=17896, stack(0x000000376db00000,0x000000376dc00000) (1024K)]


Current CompileTask:
C2:1763 1254       4       java.util.jar.JarFile::getVersionedEntry (133 bytes)

Stack: [0x000000376db00000,0x000000376dc00000]
Native frames: (J=compiled Java code, j=interpreted, Vv=VM code, C=native code)
V  [jvm.dll+0x6ea239]  (no source info available)
V  [jvm.dll+0x8ccf93]  (no source info available)
V  [jvm.dll+0x8cf3be]  (no source info available)
V  [jvm.dll+0x8cfa93]  (no source info available)
V  [jvm.dll+0x286ea6]  (no source info available)
V  [jvm.dll+0xc3b8f]  (no source info available)
V  [jvm.dll+0xc3deb]  (no source info available)
V  [jvm.dll+0x3c1682]  (no source info available)
V  [jvm.dll+0x38e26b]  (no source info available)
V  [jvm.dll+0x38d6ca]  (no source info available)
V  [jvm.dll+0x24deb8]  (no source info available)
V  [jvm.dll+0x24d55f]  (no source info available)
V  [jvm.dll+0x1cad00]  (no source info available)
V  [jvm.dll+0x25d41b]  (no source info available)
V  [jvm.dll+0x25b6ea]  (no source info available)
V  [jvm.dll+0x3fbbb6]  (no source info available)
V  [jvm.dll+0x87538b]  (no source info available)
V  [jvm.dll+0x6e8935]  (no source info available)
C  [ucrtbase.dll+0x29333]  (no source info available)
C  [cyinjct.dll+0x11e7]  (no source info available)
C  [KERNEL32.DLL+0x1257d]  (no source info available)
C  [ntdll.dll+0x5aa48]  (no source info available)


---------------  P R O C E S S  ---------------

Threads class SMR info:
_java_thread_list=0x000001a9645f5f40, length=14, elements={
0x000001a941ff2770, 0x000001a95f8f2440, 0x000001a95f8f3100, 0x000001a95f8f5190,
0x000001a95f8f9c10, 0x000001a95f8fa670, 0x000001a95f8fb0d0, 0x000001a95f8fbe60,
0x000001a95f8fc910, 0x000001a95facb8e0, 0x000001a95fac1060, 0x000001a964058010,
0x000001a96457c880, 0x000001a96455fa80
}

Java Threads: ( => current thread )
  0x000001a941ff2770 JavaThread "main"                              [_thread_in_vm, id=4352, stack(0x000000376c900000,0x000000376ca00000) (1024K)]
  0x000001a95f8f2440 JavaThread "Reference Handler"          daemon [_thread_blocked, id=26148, stack(0x000000376d100000,0x000000376d200000) (1024K)]
  0x000001a95f8f3100 JavaThread "Finalizer"                  daemon [_thread_blocked, id=14856, stack(0x000000376d200000,0x000000376d300000) (1024K)]
  0x000001a95f8f5190 JavaThread "Signal Dispatcher"          daemon [_thread_blocked, id=28512, stack(0x000000376d300000,0x000000376d400000) (1024K)]
  0x000001a95f8f9c10 JavaThread "Attach Listener"            daemon [_thread_blocked, id=12360, stack(0x000000376d400000,0x000000376d500000) (1024K)]
  0x000001a95f8fa670 JavaThread "Service Thread"             daemon [_thread_blocked, id=23740, stack(0x000000376d500000,0x000000376d600000) (1024K)]
  0x000001a95f8fb0d0 JavaThread "Monitor Deflation Thread"   daemon [_thread_blocked, id=10884, stack(0x000000376d600000,0x000000376d700000) (1024K)]
  0x000001a95f8fbe60 JavaThread "C2 CompilerThread0"         daemon [_thread_in_native, id=23152, stack(0x000000376d700000,0x000000376d800000) (1024K)]
  0x000001a95f8fc910 JavaThread "C1 CompilerThread0"         daemon [_thread_in_vm, id=25140, stack(0x000000376d800000,0x000000376d900000) (1024K)]
  0x000001a95facb8e0 JavaThread "Notification Thread"        daemon [_thread_blocked, id=13360, stack(0x000000376d900000,0x000000376da00000) (1024K)]
  0x000001a95fac1060 JavaThread "Common-Cleaner"             daemon [_thread_blocked, id=21544, stack(0x000000376da00000,0x000000376db00000) (1024K)]
=>0x000001a964058010 JavaThread "C2 CompilerThread1"         daemon [_thread_in_native, id=17896, stack(0x000000376db00000,0x000000376dc00000) (1024K)]
  0x000001a96457c880 JavaThread "surefire-forkedjvm-stream-flusher" daemon [_thread_blocked, id=20256, stack(0x000000376dc00000,0x000000376dd00000) (1024K)]
  0x000001a96455fa80 JavaThread "surefire-forkedjvm-command-thread" daemon [_thread_in_native, id=23652, stack(0x000000376dd00000,0x000000376de00000) (1024K)]
Total: 14

Other Threads:
  0x000001a95f84f120 VMThread "VM Thread"                           [id=28536, stack(0x000000376d000000,0x000000376d100000) (1024K)]
  0x000001a95ccf83c0 WatcherThread "VM Periodic Task Thread"        [id=4472, stack(0x000000376cf00000,0x000000376d000000) (1024K)]
  0x000001a944c7bb80 WorkerThread "GC Thread#0"                     [id=9900, stack(0x000000376ca00000,0x000000376cb00000) (1024K)]
  0x000001a964e5b210 WorkerThread "GC Thread#1"                     [id=24156, stack(0x000000376de00000,0x000000376df00000) (1024K)]
  0x000001a964e5b5c0 WorkerThread "GC Thread#2"                     [id=4304, stack(0x000000376df00000,0x000000376e000000) (1024K)]
  0x000001a964e02e80 WorkerThread "GC Thread#3"                     [id=13808, stack(0x000000376e000000,0x000000376e100000) (1024K)]
  0x000001a964e03230 WorkerThread "GC Thread#4"                     [id=11004, stack(0x000000376e100000,0x000000376e200000) (1024K)]
  0x000001a964e035e0 WorkerThread "GC Thread#5"                     [id=1172, stack(0x000000376e200000,0x000000376e300000) (1024K)]
  0x000001a964e03990 WorkerThread "GC Thread#6"                     [id=17240, stack(0x000000376e300000,0x000000376e400000) (1024K)]
  0x000001a964f62bb0 WorkerThread "GC Thread#7"                     [id=25168, stack(0x000000376e400000,0x000000376e500000) (1024K)]
  0x000001a964f64f70 WorkerThread "GC Thread#8"                     [id=1516, stack(0x000000376e500000,0x000000376e600000) (1024K)]
  0x000001a944c8c3d0 ConcurrentGCThread "G1 Main Marker"            [id=17468, stack(0x000000376cb00000,0x000000376cc00000) (1024K)]
  0x000001a944c8d090 WorkerThread "G1 Conc#0"                       [id=19816, stack(0x000000376cc00000,0x000000376cd00000) (1024K)]
  0x000001a95cbca560 ConcurrentGCThread "G1 Refine#0"               [id=1352, stack(0x000000376cd00000,0x000000376ce00000) (1024K)]
  0x000001a95cbcb0e0 ConcurrentGCThread "G1 Service"                [id=1232, stack(0x000000376ce00000,0x000000376cf00000) (1024K)]
Total: 15

Threads with active compile tasks:
C2 CompilerThread0  1963 1264       4       java.util.HashMap::putVal (300 bytes)
C1 CompilerThread0  1964 1274       3       java.lang.invoke.AbstractValidatingLambdaMetafactory::validateMetafactoryArgs (607 bytes)
C2 CompilerThread1  1965 1254       4       java.util.jar.JarFile::getVersionedEntry (133 bytes)
Total: 3

VM state: not at safepoint (normal execution)

VM Mutex/Monitor currently owned by a thread:  ([mutex/lock_event])
[0x00007ffc45d2df28] Metaspace_lock - owner thread: 0x000001a95f8fc910

OutOfMemory and StackOverflow Exception counts:
OutOfMemoryError java_heap_errors=2
LinkageErrors=35

Heap address: 0x0000000705a00000, size: 4006 MB, Compressed Oops mode: Zero based, Oop shift amount: 3

CDS archive(s) not mapped
Compressed class space mapped at: 0x0000000083000000-0x00000000c3000000, reserved size: 1073741824
Narrow klass base: 0x0000000000000000, Narrow klass shift: 0, Narrow klass range: 0xc3000000

GC Precious Log:
 CardTable entry size: 512
 Card Set container configuration: InlinePtr #cards 4 size 8 Array Of Cards #cards 16 size 48 Howl #buckets 8 coarsen threshold 3686 Howl Bitmap #cards 512 size 80 coarsen threshold 460 Card regions per heap region 1 cards per card region 4096
 CPUs: 12 total, 12 available
 Memory: 16016M
 Large Page Support: Disabled
 NUMA Support: Disabled
 Compressed Oops: Enabled (Zero based)
 Heap Region Size: 2M
 Heap Min Capacity: 8M
 Heap Initial Capacity: 252M
 Heap Max Capacity: 4006M
 Pre-touch: Disabled
 Parallel Workers: 10
 Concurrent Workers: 3
 Concurrent Refinement Workers: 10
 Periodic GC: Disabled

Heap:
 garbage-first heap   total reserved 4102144K, committed 258048K, used 12367K [0x0000000705a00000, 0x0000000800000000)
  region size 2048K, 5 young (10240K), 2 survivors (4096K)
 Metaspace       used 15019K, committed 15232K, reserved 1114112K
  class space    used 1534K, committed 1664K, reserved 1048576K

Heap Regions: E=young(eden), S=young(survivor), O=old, HS=humongous(starts), HC=humongous(continues), CS=collection set, F=free, TAMS=top-at-mark-start, PB=parsable bottom
|   0|0x0000000705a00000, 0x0000000705c00000, 0x0000000705c00000|100%| O|  |TAMS 0x0000000705a00000| PB 0x0000000705a00000| Untracked |  0
|   1|0x0000000705c00000, 0x0000000705e00000, 0x0000000705e00000|100%| O|  |TAMS 0x0000000705c00000| PB 0x0000000705c00000| Untracked |  0
|   2|0x0000000705e00000, 0x0000000705e13fe0, 0x0000000706000000|  3%| O|  |TAMS 0x0000000705e00000| PB 0x0000000705e00000| Untracked |  0
|   3|0x0000000706000000, 0x0000000706000000, 0x0000000706200000|  0%| F|  |TAMS 0x0000000706000000| PB 0x0000000706000000| Untracked |  0
|   4|0x0000000706200000, 0x0000000706200000, 0x0000000706400000|  0%| F|  |TAMS 0x0000000706200000| PB 0x0000000706200000| Untracked |  0
|   5|0x0000000706400000, 0x0000000706400000, 0x0000000706600000|  0%| F|  |TAMS 0x0000000706400000| PB 0x0000000706400000| Untracked |  0
|   6|0x0000000706600000, 0x0000000706600000, 0x0000000706800000|  0%| F|  |TAMS 0x0000000706600000| PB 0x0000000706600000| Untracked |  0
|   7|0x0000000706800000, 0x0000000706800000, 0x0000000706a00000|  0%| F|  |TAMS 0x0000000706800000| PB 0x0000000706800000| Untracked |  0
|   8|0x0000000706a00000, 0x0000000706a00000, 0x0000000706c00000|  0%| F|  |TAMS 0x0000000706a00000| PB 0x0000000706a00000| Untracked |  0
|   9|0x0000000706c00000, 0x0000000706c00000, 0x0000000706e00000|  0%| F|  |TAMS 0x0000000706c00000| PB 0x0000000706c00000| Untracked |  0
|  10|0x0000000706e00000, 0x0000000706e00000, 0x0000000707000000|  0%| F|  |TAMS 0x0000000706e00000| PB 0x0000000706e00000| Untracked |  0
|  11|0x0000000707000000, 0x0000000707000000, 0x0000000707200000|  0%| F|  |TAMS 0x0000000707000000| PB 0x0000000707000000| Untracked |  0
|  12|0x0000000707200000, 0x0000000707200000, 0x0000000707400000|  0%| F|  |TAMS 0x0000000707200000| PB 0x0000000707200000| Untracked |  0
|  13|0x0000000707400000, 0x0000000707400000, 0x0000000707600000|  0%| F|  |TAMS 0x0000000707400000| PB 0x0000000707400000| Untracked |  0
|  14|0x0000000707600000, 0x0000000707600000, 0x0000000707800000|  0%| F|  |TAMS 0x0000000707600000| PB 0x0000000707600000| Untracked |  0
|  15|0x0000000707800000, 0x0000000707800000, 0x0000000707a00000|  0%| F|  |TAMS 0x0000000707800000| PB 0x0000000707800000| Untracked |  0
|  16|0x0000000707a00000, 0x0000000707a00000, 0x0000000707c00000|  0%| F|  |TAMS 0x0000000707a00000| PB 0x0000000707a00000| Untracked |  0
|  17|0x0000000707c00000, 0x0000000707c00000, 0x0000000707e00000|  0%| F|  |TAMS 0x0000000707c00000| PB 0x0000000707c00000| Untracked |  0
|  18|0x0000000707e00000, 0x0000000707e00000, 0x0000000708000000|  0%| F|  |TAMS 0x0000000707e00000| PB 0x0000000707e00000| Untracked |  0
|  19|0x0000000708000000, 0x0000000708000000, 0x0000000708200000|  0%| F|  |TAMS 0x0000000708000000| PB 0x0000000708000000| Untracked |  0
|  20|0x0000000708200000, 0x0000000708200000, 0x0000000708400000|  0%| F|  |TAMS 0x0000000708200000| PB 0x0000000708200000| Untracked |  0
|  21|0x0000000708400000, 0x0000000708400000, 0x0000000708600000|  0%| F|  |TAMS 0x0000000708400000| PB 0x0000000708400000| Untracked |  0
|  22|0x0000000708600000, 0x0000000708600000, 0x0000000708800000|  0%| F|  |TAMS 0x0000000708600000| PB 0x0000000708600000| Untracked |  0
|  23|0x0000000708800000, 0x0000000708800000, 0x0000000708a00000|  0%| F|  |TAMS 0x0000000708800000| PB 0x0000000708800000| Untracked |  0
|  24|0x0000000708a00000, 0x0000000708a00000, 0x0000000708c00000|  0%| F|  |TAMS 0x0000000708a00000| PB 0x0000000708a00000| Untracked |  0
|  25|0x0000000708c00000, 0x0000000708c00000, 0x0000000708e00000|  0%| F|  |TAMS 0x0000000708c00000| PB 0x0000000708c00000| Untracked |  0
|  26|0x0000000708e00000, 0x0000000708e00000, 0x0000000709000000|  0%| F|  |TAMS 0x0000000708e00000| PB 0x0000000708e00000| Untracked |  0
|  27|0x0000000709000000, 0x0000000709000000, 0x0000000709200000|  0%| F|  |TAMS 0x0000000709000000| PB 0x0000000709000000| Untracked |  0
|  28|0x0000000709200000, 0x0000000709200000, 0x0000000709400000|  0%| F|  |TAMS 0x0000000709200000| PB 0x0000000709200000| Untracked |  0
|  29|0x0000000709400000, 0x0000000709400000, 0x0000000709600000|  0%| F|  |TAMS 0x0000000709400000| PB 0x0000000709400000| Untracked |  0
|  30|0x0000000709600000, 0x0000000709600000, 0x0000000709800000|  0%| F|  |TAMS 0x0000000709600000| PB 0x0000000709600000| Untracked |  0
|  31|0x0000000709800000, 0x0000000709800000, 0x0000000709a00000|  0%| F|  |TAMS 0x0000000709800000| PB 0x0000000709800000| Untracked |  0
|  32|0x0000000709a00000, 0x0000000709a00000, 0x0000000709c00000|  0%| F|  |TAMS 0x0000000709a00000| PB 0x0000000709a00000| Untracked |  0
|  33|0x0000000709c00000, 0x0000000709c00000, 0x0000000709e00000|  0%| F|  |TAMS 0x0000000709c00000| PB 0x0000000709c00000| Untracked |  0
|  34|0x0000000709e00000, 0x0000000709e00000, 0x000000070a000000|  0%| F|  |TAMS 0x0000000709e00000| PB 0x0000000709e00000| Untracked |  0
|  35|0x000000070a000000, 0x000000070a000000, 0x000000070a200000|  0%| F|  |TAMS 0x000000070a000000| PB 0x000000070a000000| Untracked |  0
|  36|0x000000070a200000, 0x000000070a200000, 0x000000070a400000|  0%| F|  |TAMS 0x000000070a200000| PB 0x000000070a200000| Untracked |  0
|  37|0x000000070a400000, 0x000000070a400000, 0x000000070a600000|  0%| F|  |TAMS 0x000000070a400000| PB 0x000000070a400000| Untracked |  0
|  38|0x000000070a600000, 0x000000070a600000, 0x000000070a800000|  0%| F|  |TAMS 0x000000070a600000| PB 0x000000070a600000| Untracked |  0
|  39|0x000000070a800000, 0x000000070a800000, 0x000000070aa00000|  0%| F|  |TAMS 0x000000070a800000| PB 0x000000070a800000| Untracked |  0
|  40|0x000000070aa00000, 0x000000070aa00000, 0x000000070ac00000|  0%| F|  |TAMS 0x000000070aa00000| PB 0x000000070aa00000| Untracked |  0
|  41|0x000000070ac00000, 0x000000070ac00000, 0x000000070ae00000|  0%| F|  |TAMS 0x000000070ac00000| PB 0x000000070ac00000| Untracked |  0
|  42|0x000000070ae00000, 0x000000070ae00000, 0x000000070b000000|  0%| F|  |TAMS 0x000000070ae00000| PB 0x000000070ae00000| Untracked |  0
|  43|0x000000070b000000, 0x000000070b000000, 0x000000070b200000|  0%| F|  |TAMS 0x000000070b000000| PB 0x000000070b000000| Untracked |  0
|  44|0x000000070b200000, 0x000000070b200000, 0x000000070b400000|  0%| F|  |TAMS 0x000000070b200000| PB 0x000000070b200000| Untracked |  0
|  45|0x000000070b400000, 0x000000070b400000, 0x000000070b600000|  0%| F|  |TAMS 0x000000070b400000| PB 0x000000070b400000| Untracked |  0
|  46|0x000000070b600000, 0x000000070b600000, 0x000000070b800000|  0%| F|  |TAMS 0x000000070b600000| PB 0x000000070b600000| Untracked |  0
|  47|0x000000070b800000, 0x000000070b800000, 0x000000070ba00000|  0%| F|  |TAMS 0x000000070b800000| PB 0x000000070b800000| Untracked |  0
|  48|0x000000070ba00000, 0x000000070ba00000, 0x000000070bc00000|  0%| F|  |TAMS 0x000000070ba00000| PB 0x000000070ba00000| Untracked |  0
|  49|0x000000070bc00000, 0x000000070bc00000, 0x000000070be00000|  0%| F|  |TAMS 0x000000070bc00000| PB 0x000000070bc00000| Untracked |  0
|  50|0x000000070be00000, 0x000000070be00000, 0x000000070c000000|  0%| F|  |TAMS 0x000000070be00000| PB 0x000000070be00000| Untracked |  0
|  51|0x000000070c000000, 0x000000070c000000, 0x000000070c200000|  0%| F|  |TAMS 0x000000070c000000| PB 0x000000070c000000| Untracked |  0
|  52|0x000000070c200000, 0x000000070c200000, 0x000000070c400000|  0%| F|  |TAMS 0x000000070c200000| PB 0x000000070c200000| Untracked |  0
|  53|0x000000070c400000, 0x000000070c400000, 0x000000070c600000|  0%| F|  |TAMS 0x000000070c400000| PB 0x000000070c400000| Untracked |  0
|  54|0x000000070c600000, 0x000000070c600000, 0x000000070c800000|  0%| F|  |TAMS 0x000000070c600000| PB 0x000000070c600000| Untracked |  0
|  55|0x000000070c800000, 0x000000070c800000, 0x000000070ca00000|  0%| F|  |TAMS 0x000000070c800000| PB 0x000000070c800000| Untracked |  0
|  56|0x000000070ca00000, 0x000000070ca00000, 0x000000070cc00000|  0%| F|  |TAMS 0x000000070ca00000| PB 0x000000070ca00000| Untracked |  0
|  57|0x000000070cc00000, 0x000000070cc00000, 0x000000070ce00000|  0%| F|  |TAMS 0x000000070cc00000| PB 0x000000070cc00000| Untracked |  0
|  58|0x000000070ce00000, 0x000000070ce00000, 0x000000070d000000|  0%| F|  |TAMS 0x000000070ce00000| PB 0x000000070ce00000| Untracked |  0
|  59|0x000000070d000000, 0x000000070d000000, 0x000000070d200000|  0%| F|  |TAMS 0x000000070d000000| PB 0x000000070d000000| Untracked |  0
|  60|0x000000070d200000, 0x000000070d200000, 0x000000070d400000|  0%| F|  |TAMS 0x000000070d200000| PB 0x000000070d200000| Untracked |  0
|  61|0x000000070d400000, 0x000000070d400000, 0x000000070d600000|  0%| F|  |TAMS 0x000000070d400000| PB 0x000000070d400000| Untracked |  0
|  62|0x000000070d600000, 0x000000070d600000, 0x000000070d800000|  0%| F|  |TAMS 0x000000070d600000| PB 0x000000070d600000| Untracked |  0
|  63|0x000000070d800000, 0x000000070d800000, 0x000000070da00000|  0%| F|  |TAMS 0x000000070d800000| PB 0x000000070d800000| Untracked |  0
|  64|0x000000070da00000, 0x000000070da00000, 0x000000070dc00000|  0%| F|  |TAMS 0x000000070da00000| PB 0x000000070da00000| Untracked |  0
|  65|0x000000070dc00000, 0x000000070dc00000, 0x000000070de00000|  0%| F|  |TAMS 0x000000070dc00000| PB 0x000000070dc00000| Untracked |  0
|  66|0x000000070de00000, 0x000000070de00000, 0x000000070e000000|  0%| F|  |TAMS 0x000000070de00000| PB 0x000000070de00000| Untracked |  0
|  67|0x000000070e000000, 0x000000070e000000, 0x000000070e200000|  0%| F|  |TAMS 0x000000070e000000| PB 0x000000070e000000| Untracked |  0
|  68|0x000000070e200000, 0x000000070e200000, 0x000000070e400000|  0%| F|  |TAMS 0x000000070e200000| PB 0x000000070e200000| Untracked |  0
|  69|0x000000070e400000, 0x000000070e400000, 0x000000070e600000|  0%| F|  |TAMS 0x000000070e400000| PB 0x000000070e400000| Untracked |  0
|  70|0x000000070e600000, 0x000000070e600000, 0x000000070e800000|  0%| F|  |TAMS 0x000000070e600000| PB 0x000000070e600000| Untracked |  0
|  71|0x000000070e800000, 0x000000070e800000, 0x000000070ea00000|  0%| F|  |TAMS 0x000000070e800000| PB 0x000000070e800000| Untracked |  0
|  72|0x000000070ea00000, 0x000000070ea00000, 0x000000070ec00000|  0%| F|  |TAMS 0x000000070ea00000| PB 0x000000070ea00000| Untracked |  0
|  73|0x000000070ec00000, 0x000000070ec00000, 0x000000070ee00000|  0%| F|  |TAMS 0x000000070ec00000| PB 0x000000070ec00000| Untracked |  0
|  74|0x000000070ee00000, 0x000000070ee00000, 0x000000070f000000|  0%| F|  |TAMS 0x000000070ee00000| PB 0x000000070ee00000| Untracked |  0
|  75|0x000000070f000000, 0x000000070f000000, 0x000000070f200000|  0%| F|  |TAMS 0x000000070f000000| PB 0x000000070f000000| Untracked |  0
|  76|0x000000070f200000, 0x000000070f200000, 0x000000070f400000|  0%| F|  |TAMS 0x000000070f200000| PB 0x000000070f200000| Untracked |  0
|  77|0x000000070f400000, 0x000000070f400000, 0x000000070f600000|  0%| F|  |TAMS 0x000000070f400000| PB 0x000000070f400000| Untracked |  0
|  78|0x000000070f600000, 0x000000070f600000, 0x000000070f800000|  0%| F|  |TAMS 0x000000070f600000| PB 0x000000070f600000| Untracked |  0
|  79|0x000000070f800000, 0x000000070f800000, 0x000000070fa00000|  0%| F|  |TAMS 0x000000070f800000| PB 0x000000070f800000| Untracked |  0
|  80|0x000000070fa00000, 0x000000070fa00000, 0x000000070fc00000|  0%| F|  |TAMS 0x000000070fa00000| PB 0x000000070fa00000| Untracked |  0
|  81|0x000000070fc00000, 0x000000070fc00000, 0x000000070fe00000|  0%| F|  |TAMS 0x000000070fc00000| PB 0x000000070fc00000| Untracked |  0
|  82|0x000000070fe00000, 0x000000070fe00000, 0x0000000710000000|  0%| F|  |TAMS 0x000000070fe00000| PB 0x000000070fe00000| Untracked |  0
|  83|0x0000000710000000, 0x0000000710000000, 0x0000000710200000|  0%| F|  |TAMS 0x0000000710000000| PB 0x0000000710000000| Untracked |  0
|  84|0x0000000710200000, 0x0000000710200000, 0x0000000710400000|  0%| F|  |TAMS 0x0000000710200000| PB 0x0000000710200000| Untracked |  0
|  85|0x0000000710400000, 0x0000000710400000, 0x0000000710600000|  0%| F|  |TAMS 0x0000000710400000| PB 0x0000000710400000| Untracked |  0
|  86|0x0000000710600000, 0x0000000710600000, 0x0000000710800000|  0%| F|  |TAMS 0x0000000710600000| PB 0x0000000710600000| Untracked |  0
|  87|0x0000000710800000, 0x0000000710800000, 0x0000000710a00000|  0%| F|  |TAMS 0x0000000710800000| PB 0x0000000710800000| Untracked |  0
|  88|0x0000000710a00000, 0x0000000710a00000, 0x0000000710c00000|  0%| F|  |TAMS 0x0000000710a00000| PB 0x0000000710a00000| Untracked |  0
|  89|0x0000000710c00000, 0x0000000710c00000, 0x0000000710e00000|  0%| F|  |TAMS 0x0000000710c00000| PB 0x0000000710c00000| Untracked |  0
|  90|0x0000000710e00000, 0x0000000710e00000, 0x0000000711000000|  0%| F|  |TAMS 0x0000000710e00000| PB 0x0000000710e00000| Untracked |  0
|  91|0x0000000711000000, 0x0000000711000000, 0x0000000711200000|  0%| F|  |TAMS 0x0000000711000000| PB 0x0000000711000000| Untracked |  0
|  92|0x0000000711200000, 0x0000000711200000, 0x0000000711400000|  0%| F|  |TAMS 0x0000000711200000| PB 0x0000000711200000| Untracked |  0
|  93|0x0000000711400000, 0x0000000711400000, 0x0000000711600000|  0%| F|  |TAMS 0x0000000711400000| PB 0x0000000711400000| Untracked |  0
|  94|0x0000000711600000, 0x0000000711600000, 0x0000000711800000|  0%| F|  |TAMS 0x0000000711600000| PB 0x0000000711600000| Untracked |  0
|  95|0x0000000711800000, 0x0000000711800000, 0x0000000711a00000|  0%| F|  |TAMS 0x0000000711800000| PB 0x0000000711800000| Untracked |  0
|  96|0x0000000711a00000, 0x0000000711a00000, 0x0000000711c00000|  0%| F|  |TAMS 0x0000000711a00000| PB 0x0000000711a00000| Untracked |  0
|  97|0x0000000711c00000, 0x0000000711c00000, 0x0000000711e00000|  0%| F|  |TAMS 0x0000000711c00000| PB 0x0000000711c00000| Untracked |  0
|  98|0x0000000711e00000, 0x0000000711e00000, 0x0000000712000000|  0%| F|  |TAMS 0x0000000711e00000| PB 0x0000000711e00000| Untracked |  0
|  99|0x0000000712000000, 0x0000000712000000, 0x0000000712200000|  0%| F|  |TAMS 0x0000000712000000| PB 0x0000000712000000| Untracked |  0
| 100|0x0000000712200000, 0x0000000712200000, 0x0000000712400000|  0%| F|  |TAMS 0x0000000712200000| PB 0x0000000712200000| Untracked |  0
| 101|0x0000000712400000, 0x0000000712400000, 0x0000000712600000|  0%| F|  |TAMS 0x0000000712400000| PB 0x0000000712400000| Untracked |  0
| 102|0x0000000712600000, 0x0000000712600000, 0x0000000712800000|  0%| F|  |TAMS 0x0000000712600000| PB 0x0000000712600000| Untracked |  0
| 103|0x0000000712800000, 0x0000000712800000, 0x0000000712a00000|  0%| F|  |TAMS 0x0000000712800000| PB 0x0000000712800000| Untracked |  0
| 104|0x0000000712a00000, 0x0000000712a00000, 0x0000000712c00000|  0%| F|  |TAMS 0x0000000712a00000| PB 0x0000000712a00000| Untracked |  0
| 105|0x0000000712c00000, 0x0000000712c00000, 0x0000000712e00000|  0%| F|  |TAMS 0x0000000712c00000| PB 0x0000000712c00000| Untracked |  0
| 106|0x0000000712e00000, 0x0000000712e00000, 0x0000000713000000|  0%| F|  |TAMS 0x0000000712e00000| PB 0x0000000712e00000| Untracked |  0
| 107|0x0000000713000000, 0x0000000713000000, 0x0000000713200000|  0%| F|  |TAMS 0x0000000713000000| PB 0x0000000713000000| Untracked |  0
| 108|0x0000000713200000, 0x0000000713200000, 0x0000000713400000|  0%| F|  |TAMS 0x0000000713200000| PB 0x0000000713200000| Untracked |  0
| 109|0x0000000713400000, 0x0000000713400000, 0x0000000713600000|  0%| F|  |TAMS 0x0000000713400000| PB 0x0000000713400000| Untracked |  0
| 110|0x0000000713600000, 0x0000000713600000, 0x0000000713800000|  0%| F|  |TAMS 0x0000000713600000| PB 0x0000000713600000| Untracked |  0
| 111|0x0000000713800000, 0x0000000713800000, 0x0000000713a00000|  0%| F|  |TAMS 0x0000000713800000| PB 0x0000000713800000| Untracked |  0
| 112|0x0000000713a00000, 0x0000000713c00000, 0x0000000713c00000|100%| S|CS|TAMS 0x0000000713a00000| PB 0x0000000713a00000| Complete |  0
| 113|0x0000000713c00000, 0x0000000713e00000, 0x0000000713e00000|100%| S|CS|TAMS 0x0000000713c00000| PB 0x0000000713c00000| Complete |  0
| 114|0x0000000713e00000, 0x0000000713e00000, 0x0000000714000000|  0%| F|  |TAMS 0x0000000713e00000| PB 0x0000000713e00000| Untracked |  0
| 115|0x0000000714000000, 0x0000000714000000, 0x0000000714200000|  0%| F|  |TAMS 0x0000000714000000| PB 0x0000000714000000| Untracked |  0
| 116|0x0000000714200000, 0x0000000714200000, 0x0000000714400000|  0%| F|  |TAMS 0x0000000714200000| PB 0x0000000714200000| Untracked |  0
| 117|0x0000000714400000, 0x0000000714400000, 0x0000000714600000|  0%| F|  |TAMS 0x0000000714400000| PB 0x0000000714400000| Untracked |  0
| 118|0x0000000714600000, 0x0000000714600000, 0x0000000714800000|  0%| F|  |TAMS 0x0000000714600000| PB 0x0000000714600000| Untracked |  0
| 119|0x0000000714800000, 0x0000000714800000, 0x0000000714a00000|  0%| F|  |TAMS 0x0000000714800000| PB 0x0000000714800000| Untracked |  0
| 120|0x0000000714a00000, 0x0000000714a00000, 0x0000000714c00000|  0%| F|  |TAMS 0x0000000714a00000| PB 0x0000000714a00000| Untracked |  0
| 121|0x0000000714c00000, 0x0000000714c00000, 0x0000000714e00000|  0%| F|  |TAMS 0x0000000714c00000| PB 0x0000000714c00000| Untracked |  0
| 122|0x0000000714e00000, 0x0000000714e00000, 0x0000000715000000|  0%| F|  |TAMS 0x0000000714e00000| PB 0x0000000714e00000| Untracked |  0
| 123|0x0000000715000000, 0x0000000715120358, 0x0000000715200000| 56%| E|  |TAMS 0x0000000715000000| PB 0x0000000715000000| Complete |  0
| 124|0x0000000715200000, 0x0000000715400000, 0x0000000715400000|100%| E|CS|TAMS 0x0000000715200000| PB 0x0000000715200000| Complete |  0
| 125|0x0000000715400000, 0x0000000715600000, 0x0000000715600000|100%| E|CS|TAMS 0x0000000715400000| PB 0x0000000715400000| Complete |  0

Card table byte_map: [0x000001a9583f0000,0x000001a958bd0000] _byte_map_base: 0x000001a954bc3000

Marking Bits: (CMBitMap*) 0x000001a944c7c0a0
 Bits: [0x000001a958bd0000, 0x000001a95ca68000)

Polling page: 0x000001a942670000

Metaspace:

Usage:
  Non-class:     13.17 MB used.
      Class:      1.50 MB used.
       Both:     14.67 MB used.

Virtual space:
  Non-class space:       64.00 MB reserved,      13.25 MB ( 21%) committed,  1 nodes.
      Class space:        1.00 GB reserved,       1.62 MB ( <1%) committed,  1 nodes.
             Both:        1.06 GB reserved,      14.88 MB (  1%) committed. 

Chunk freelists:
   Non-Class:  2.04 MB
       Class:  14.36 MB
        Both:  16.40 MB

MaxMetaspaceSize: unlimited
CompressedClassSpaceSize: 1.00 GB
Initial GC threshold: 21.00 MB
Current GC threshold: 21.00 MB
CDS: off
 - commit_granule_bytes: 65536.
 - commit_granule_words: 8192.
 - virtual_space_node_default_size: 8388608.
 - enlarge_chunks_in_place: 1.
 - use_allocation_guard: 0.


Internal statistics:

num_allocs_failed_limit: 0.
num_arena_births: 84.
num_arena_deaths: 0.
num_vsnodes_births: 2.
num_vsnodes_deaths: 0.
num_space_committed: 238.
num_space_uncommitted: 0.
num_chunks_returned_to_freelist: 0.
num_chunks_taken_from_freelist: 309.
num_chunk_merges: 0.
num_chunk_splits: 153.
num_chunks_enlarged: 102.
num_inconsistent_stats: 0.

CodeHeap 'non-profiled nmethods': size=120000Kb used=428Kb max_used=428Kb free=119571Kb
 bounds [0x000001a950190000, 0x000001a950400000, 0x000001a9576c0000]
CodeHeap 'profiled nmethods': size=120000Kb used=2348Kb max_used=2348Kb free=117652Kb
 bounds [0x000001a9486c0000, 0x000001a948930000, 0x000001a94fbf0000]
CodeHeap 'non-nmethods': size=5760Kb used=1362Kb max_used=1376Kb free=4397Kb
 bounds [0x000001a94fbf0000, 0x000001a94fe60000, 0x000001a950190000]
 total_blobs=1733 nmethods=1268 adapters=370
 compilation: enabled
              stopped_count=0, restarted_count=0
 full_count=0

Compilation events (20 events):
Event: 1.717 Thread 0x000001a95f8fc910 1245       3       jdk.internal.org.objectweb.asm.MethodVisitor::visitMethodInsn (80 bytes)
Event: 1.717 Thread 0x000001a95f8fc910 nmethod 1245 0x000001a9488f2090 code [0x000001a9488f2280, 0x000001a9488f2718]
Event: 1.718 Thread 0x000001a95f8fc910 1246       3       java.util.stream.ReferencePipeline$2$1::accept (27 bytes)
Event: 1.718 Thread 0x000001a95f8fc910 nmethod 1246 0x000001a9488f2890 code [0x000001a9488f2a40, 0x000001a9488f2d20]
Event: 1.719 Thread 0x000001a95f8fbe60 nmethod 1243 0x000001a9501f9b90 code [0x000001a9501f9d60, 0x000001a9501fa0d0]
Event: 1.719 Thread 0x000001a964058010 1247       4       java.util.HashMap::getNode (150 bytes)
Event: 1.720 Thread 0x000001a95f8fc910 1248       3       java.lang.invoke.MethodHandleNatives::linkCallSite (65 bytes)
Event: 1.720 Thread 0x000001a95f8fc910 nmethod 1248 0x000001a9488f2e90 code [0x000001a9488f3060, 0x000001a9488f34f8]
Event: 1.720 Thread 0x000001a95f8fc910 1249       3       java.lang.invoke.MethodHandleNatives::linkCallSiteImpl (119 bytes)
Event: 1.721 Thread 0x000001a95f8fc910 nmethod 1249 0x000001a9488f3690 code [0x000001a9488f38c0, 0x000001a9488f4130]
Event: 1.721 Thread 0x000001a95f8fc910 1250   !   3       java.lang.invoke.CallSite::makeSite (95 bytes)
Event: 1.723 Thread 0x000001a95f8fc910 nmethod 1250 0x000001a9488f4490 code [0x000001a9488f4820, 0x000001a9488f5c00]
Event: 1.723 Thread 0x000001a95f8fc910 1251   !   3       java.lang.invoke.BootstrapMethodInvoker::invoke (974 bytes)
Event: 1.724 Thread 0x000001a964058010 nmethod 1247 0x000001a9501fa310 code [0x000001a9501fa4e0, 0x000001a9501fa828]
Event: 1.726 Thread 0x000001a964058010 1254       4       java.util.jar.JarFile::getVersionedEntry (133 bytes)
Event: 1.729 Thread 0x000001a95f8fc910 nmethod 1251 0x000001a9488f6910 code [0x000001a9488f7140, 0x000001a9488fdbe0]
Event: 1.729 Thread 0x000001a95f8fc910 1252       3       java.lang.invoke.MethodHandleNatives::staticArgumentsPulled (5 bytes)
Event: 1.729 Thread 0x000001a95f8fc910 nmethod 1252 0x000001a948901090 code [0x000001a948901220, 0x000001a9489013d0]
Event: 1.729 Thread 0x000001a95f8fc910 1253       3       java.lang.invoke.ConstantCallSite::<init> (17 bytes)
Event: 1.730 Thread 0x000001a95f8fc910 nmethod 1253 0x000001a948901490 code [0x000001a948901680, 0x000001a948901bf8]

GC Heap History (2 events):
Event: 1.567 GC heap before
{Heap before GC invocations=0 (full 0):
 garbage-first heap   total reserved 4102144K, committed 258048K, used 22528K [0x0000000705a00000, 0x0000000800000000)
  region size 2048K, 12 young (24576K), 0 survivors (0K)
 Metaspace       used 13892K, committed 14016K, reserved 1114112K
  class space    used 1367K, committed 1408K, reserved 1048576K
}
Event: 1.575 GC heap after
{Heap after GC invocations=1 (full 0):
 garbage-first heap   total reserved 4102144K, committed 258048K, used 8271K [0x0000000705a00000, 0x0000000800000000)
  region size 2048K, 2 young (4096K), 2 survivors (4096K)
 Metaspace       used 13892K, committed 14016K, reserved 1114112K
  class space    used 1367K, committed 1408K, reserved 1048576K
}

Dll operation events (8 events):
Event: 0.076 Loaded shared library C:\Users\ATULP12\.p2\pool\plugins\org.eclipse.justj.openjdk.hotspot.jre.full.win32.x86_64_22.0.1.v20240426-1149\jre\bin\java.dll
Event: 0.098 Loaded shared library C:\Users\ATULP12\.p2\pool\plugins\org.eclipse.justj.openjdk.hotspot.jre.full.win32.x86_64_22.0.1.v20240426-1149\jre\bin\zip.dll
Event: 0.286 Loaded shared library C:\Users\ATULP12\.p2\pool\plugins\org.eclipse.justj.openjdk.hotspot.jre.full.win32.x86_64_22.0.1.v20240426-1149\jre\bin\net.dll
Event: 0.309 Loaded shared library C:\Users\ATULP12\.p2\pool\plugins\org.eclipse.justj.openjdk.hotspot.jre.full.win32.x86_64_22.0.1.v20240426-1149\jre\bin\nio.dll
Event: 0.323 Loaded shared library C:\Users\ATULP12\.p2\pool\plugins\org.eclipse.justj.openjdk.hotspot.jre.full.win32.x86_64_22.0.1.v20240426-1149\jre\bin\zip.dll
Event: 0.488 Loaded shared library C:\Users\ATULP12\.p2\pool\plugins\org.eclipse.justj.openjdk.hotspot.jre.full.win32.x86_64_22.0.1.v20240426-1149\jre\bin\management.dll
Event: 0.514 Loaded shared library C:\Users\ATULP12\.p2\pool\plugins\org.eclipse.justj.openjdk.hotspot.jre.full.win32.x86_64_22.0.1.v20240426-1149\jre\bin\management_ext.dll
Event: 0.559 Loaded shared library C:\Users\ATULP12\.p2\pool\plugins\org.eclipse.justj.openjdk.hotspot.jre.full.win32.x86_64_22.0.1.v20240426-1149\jre\bin\jimage.dll

Deoptimization events (20 events):
Event: 1.507 Thread 0x000001a941ff2770 DEOPT PACKING pc=0x000001a9501eeb1c sp=0x000000376c9fcb40
Event: 1.507 Thread 0x000001a941ff2770 DEOPT UNPACKING pc=0x000001a94fc446a2 sp=0x000000376c9fcab8 mode 2
Event: 1.507 Thread 0x000001a941ff2770 Uncommon trap: trap_request=0xffffffde fr.pc=0x000001a9501eeb1c relative=0x00000000000000fc
Event: 1.507 Thread 0x000001a941ff2770 Uncommon trap: reason=class_check action=maybe_recompile pc=0x000001a9501eeb1c method=jdk.internal.misc.Unsafe.allocateUninitializedArray(Ljava/lang/Class;I)Ljava/lang/Object; @ 51 c2
Event: 1.507 Thread 0x000001a941ff2770 DEOPT PACKING pc=0x000001a9501eeb1c sp=0x000000376c9fcaf0
Event: 1.507 Thread 0x000001a941ff2770 DEOPT UNPACKING pc=0x000001a94fc446a2 sp=0x000000376c9fca68 mode 2
Event: 1.578 Thread 0x000001a941ff2770 Uncommon trap: trap_request=0xffffff45 fr.pc=0x000001a9501f09ac relative=0x000000000000008c
Event: 1.578 Thread 0x000001a941ff2770 Uncommon trap: reason=unstable_if action=reinterpret pc=0x000001a9501f09ac method=java.lang.ref.ReferenceQueue.headIsNull()Z @ 4 c2
Event: 1.578 Thread 0x000001a941ff2770 DEOPT PACKING pc=0x000001a9501f09ac sp=0x000000376c9fdb50
Event: 1.578 Thread 0x000001a941ff2770 DEOPT UNPACKING pc=0x000001a94fc446a2 sp=0x000000376c9fda10 mode 2
Event: 1.578 Thread 0x000001a941ff2770 Uncommon trap: trap_request=0xffffff45 fr.pc=0x000001a9501f065c relative=0x000000000000005c
Event: 1.578 Thread 0x000001a941ff2770 Uncommon trap: reason=unstable_if action=reinterpret pc=0x000001a9501f065c method=java.lang.ref.ReferenceQueue.headIsNull()Z @ 4 c2
Event: 1.578 Thread 0x000001a941ff2770 DEOPT PACKING pc=0x000001a9501f065c sp=0x000000376c9fdae0
Event: 1.578 Thread 0x000001a941ff2770 DEOPT UNPACKING pc=0x000001a94fc446a2 sp=0x000000376c9fda10 mode 2
Event: 1.584 Thread 0x000001a941ff2770 DEOPT PACKING pc=0x000001a9487b6425 sp=0x000000376c9fdaa0
Event: 1.584 Thread 0x000001a941ff2770 DEOPT UNPACKING pc=0x000001a94fc44e42 sp=0x000000376c9fcfa8 mode 0
Event: 1.699 Thread 0x000001a941ff2770 Uncommon trap: trap_request=0xffffff45 fr.pc=0x000001a9501cd99c relative=0x000000000000025c
Event: 1.699 Thread 0x000001a941ff2770 Uncommon trap: reason=unstable_if action=reinterpret pc=0x000001a9501cd99c method=java.util.concurrent.ConcurrentHashMap.get(Ljava/lang/Object;)Ljava/lang/Object; @ 86 c2
Event: 1.699 Thread 0x000001a941ff2770 DEOPT PACKING pc=0x000001a9501cd99c sp=0x000000376c9fd2c0
Event: 1.699 Thread 0x000001a941ff2770 DEOPT UNPACKING pc=0x000001a94fc446a2 sp=0x000000376c9fd238 mode 2

Classes loaded (20 events):
Event: 1.647 Loading class java/util/function/ToIntFunction done
Event: 1.668 Loading class java/util/stream/SortedOps$RefSortingSink
Event: 1.668 Loading class java/util/stream/SortedOps$RefSortingSink done
Event: 1.671 Loading class java/lang/reflect/Executable$ParameterData
Event: 1.672 Loading class java/lang/reflect/Executable$ParameterData done
Event: 1.688 Loading class java/util/stream/SpinedBuffer
Event: 1.688 Loading class java/util/stream/AbstractSpinedBuffer
Event: 1.689 Loading class java/util/stream/AbstractSpinedBuffer done
Event: 1.689 Loading class java/util/stream/SpinedBuffer done
Event: 1.689 Loading class java/util/function/BooleanSupplier
Event: 1.689 Loading class java/util/function/BooleanSupplier done
Event: 1.701 Loading class java/nio/StringCharBuffer
Event: 1.701 Loading class java/nio/StringCharBuffer done
Event: 1.704 Loading class java/time/temporal/TemporalUnit
Event: 1.704 Loading class java/time/temporal/TemporalUnit done
Event: 1.737 Loading class java/lang/InstantiationException
Event: 1.737 Loading class java/lang/InstantiationException done
Event: 1.737 Loading class java/util/ServiceConfigurationError
Event: 1.737 Loading class java/util/ServiceConfigurationError done
Event: 1.740 Loading class java/util/concurrent/LinkedBlockingQueue

Classes unloaded (0 events):
No events

Classes redefined (3 events):
Event: 0.248 Thread 0x000001a95f84f120 redefined class name=java.io.FileOutputStream, count=1
Event: 0.249 Thread 0x000001a95f84f120 redefined class name=java.io.File, count=1
Event: 0.251 Thread 0x000001a95f84f120 redefined class name=java.net.URLStreamHandler, count=1

Internal exceptions (20 events):
Event: 1.445 Thread 0x000001a941ff2770 Exception <a 'java/lang/NoSuchMethodError'{0x00000007141c8478}: 'void java.lang.invoke.DirectMethodHandle$Holder.invokeInterface(java.lang.Object, java.lang.Object, java.lang.Object)'> (0x00000007141c8478) 
thrown [s\src\hotspot\share\interpreter\linkResolver.cpp, line 774]
Event: 1.459 Thread 0x000001a941ff2770 Exception <a 'java/lang/NoSuchMethodError'{0x0000000713e15738}: 'java.lang.Object java.lang.invoke.DirectMethodHandle$Holder.newInvokeSpecial(java.lang.Object, java.lang.Object, java.lang.Object, java.lang.Object, java.lang.Object, java.lang.Object)'> (0x0000000713e15738) 
thrown [s\src\hotspot\share\interpreter\linkResolver.cpp, line 774]
Event: 1.472 Thread 0x000001a941ff2770 Exception <a 'java/lang/NoSuchMethodError'{0x0000000713e58120}: 'void java.lang.invoke.DirectMethodHandle$Holder.invokeInterface(java.lang.Object, java.lang.Object, java.lang.Object, java.lang.Object, java.lang.Object)'> (0x0000000713e58120) 
thrown [s\src\hotspot\share\interpreter\linkResolver.cpp, line 774]
Event: 1.473 Thread 0x000001a941ff2770 Exception <a 'java/lang/IncompatibleClassChangeError'{0x0000000713e5bdd0}: Found class java.lang.Object, but interface was expected> (0x0000000713e5bdd0) 
thrown [s\src\hotspot\share\interpreter\linkResolver.cpp, line 841]
Event: 1.482 Thread 0x000001a941ff2770 Exception <a 'java/lang/IncompatibleClassChangeError'{0x0000000713e84438}: Found class java.lang.Object, but interface was expected> (0x0000000713e84438) 
thrown [s\src\hotspot\share\interpreter\linkResolver.cpp, line 841]
Event: 1.488 Thread 0x000001a941ff2770 Exception <a 'java/lang/NoSuchMethodError'{0x0000000713ea0830}: 'java.lang.Object java.lang.invoke.DirectMethodHandle$Holder.invokeStatic(java.lang.Object, java.lang.Object, int)'> (0x0000000713ea0830) 
thrown [s\src\hotspot\share\interpreter\linkResolver.cpp, line 774]
Event: 1.491 Thread 0x000001a941ff2770 Exception <a 'java/lang/NoSuchMethodError'{0x0000000713eb5650}: 'void java.lang.invoke.DirectMethodHandle$Holder.invokeSpecial(java.lang.Object, java.lang.Object, java.lang.Object, java.lang.Object, java.lang.Object, java.lang.Object)'> (0x0000000713eb5650) 
thrown [s\src\hotspot\share\interpreter\linkResolver.cpp, line 774]
Event: 1.501 Thread 0x000001a941ff2770 Exception <a 'java/lang/NoSuchMethodError'{0x0000000713eee108}: 'void java.lang.invoke.DirectMethodHandle$Holder.invokeSpecial(java.lang.Object, java.lang.Object, java.lang.Object, java.lang.Object, java.lang.Object)'> (0x0000000713eee108) 
thrown [s\src\hotspot\share\interpreter\linkResolver.cpp, line 774]
Event: 1.524 Thread 0x000001a941ff2770 Exception <a 'java/lang/NoSuchMethodError'{0x0000000713f47448}: 'long java.lang.invoke.DirectMethodHandle$Holder.invokeSpecial(java.lang.Object, java.lang.Object)'> (0x0000000713f47448) 
thrown [s\src\hotspot\share\interpreter\linkResolver.cpp, line 774]
Event: 1.525 Thread 0x000001a941ff2770 Exception <a 'java/lang/NoSuchMethodError'{0x0000000713f4a988}: 'long java.lang.invoke.Invokers$Holder.invokeExact_MT(java.lang.Object, java.lang.Object)'> (0x0000000713f4a988) 
thrown [s\src\hotspot\share\interpreter\linkResolver.cpp, line 774]
Event: 1.548 Thread 0x000001a941ff2770 Exception <a 'java/lang/NoSuchMethodError'{0x0000000713fa0750}: 'void java.lang.invoke.DirectMethodHandle$Holder.invokeInterface(java.lang.Object, java.lang.Object, java.lang.Object, java.lang.Object)'> (0x0000000713fa0750) 
thrown [s\src\hotspot\share\interpreter\linkResolver.cpp, line 774]
Event: 1.549 Thread 0x000001a941ff2770 Exception <a 'java/lang/IncompatibleClassChangeError'{0x0000000713fa3da8}: Found class java.lang.Object, but interface was expected> (0x0000000713fa3da8) 
thrown [s\src\hotspot\share\interpreter\linkResolver.cpp, line 841]
Event: 1.557 Thread 0x000001a941ff2770 Exception <a 'java/lang/NoSuchMethodError'{0x0000000713fc4890}: 'void java.lang.invoke.DirectMethodHandle$Holder.invokeStatic(java.lang.Object, java.lang.Object, java.lang.Object, java.lang.Object)'> (0x0000000713fc4890) 
thrown [s\src\hotspot\share\interpreter\linkResolver.cpp, line 774]
Event: 1.591 Thread 0x000001a941ff2770 Exception <a 'java/lang/NoSuchMethodError'{0x00000007154420a8}: 'int java.lang.invoke.DirectMethodHandle$Holder.invokeStatic(java.lang.Object, java.lang.Object, java.lang.Object, java.lang.Object)'> (0x00000007154420a8) 
thrown [s\src\hotspot\share\interpreter\linkResolver.cpp, line 774]
Event: 1.592 Thread 0x000001a941ff2770 Exception <a 'java/lang/NoSuchMethodError'{0x0000000715445768}: 'java.lang.Object java.lang.invoke.Invokers$Holder.invokeExact_MT(java.lang.Object, java.lang.Object, java.lang.Object, java.lang.Object, java.lang.Object, java.lang.Object)'> (0x0000000715445768) 
thrown [s\src\hotspot\share\interpreter\linkResolver.cpp, line 774]
Event: 1.595 Thread 0x000001a941ff2770 Exception <a 'java/lang/NoSuchMethodError'{0x0000000715453180}: 'int java.lang.invoke.DirectMethodHandle$Holder.invokeStatic(java.lang.Object, java.lang.Object, java.lang.Object, java.lang.Object, java.lang.Object)'> (0x0000000715453180) 
thrown [s\src\hotspot\share\interpreter\linkResolver.cpp, line 774]
Event: 1.609 Thread 0x000001a941ff2770 Exception <a 'java/lang/NoSuchMethodError'{0x0000000715535c00}: 'void java.lang.invoke.DirectMethodHandle$Holder.invokeStaticInit(java.lang.Object)'> (0x0000000715535c00) 
thrown [s\src\hotspot\share\interpreter\linkResolver.cpp, line 774]
Event: 1.634 Thread 0x000001a941ff2770 Exception <a 'java/lang/NoSuchMethodError'{0x00000007155da620}: 'void java.lang.invoke.DirectMethodHandle$Holder.invokeStaticInit(java.lang.Object, java.lang.Object, java.lang.Object, java.lang.Object)'> (0x00000007155da620) 
thrown [s\src\hotspot\share\interpreter\linkResolver.cpp, line 774]
Event: 1.647 Thread 0x000001a941ff2770 Exception <a 'java/lang/NoSuchMethodError'{0x0000000715246fb8}: 'int java.lang.invoke.DirectMethodHandle$Holder.invokeStaticInit(java.lang.Object, java.lang.Object)'> (0x0000000715246fb8) 
thrown [s\src\hotspot\share\interpreter\linkResolver.cpp, line 774]
Event: 1.709 Thread 0x000001a941ff2770 Exception <a 'java/lang/NoSuchMethodError'{0x00000007153e6688}: 'void java.lang.invoke.DirectMethodHandle$Holder.invokeStatic(java.lang.Object, java.lang.Object)'> (0x00000007153e6688) 
thrown [s\src\hotspot\share\interpreter\linkResolver.cpp, line 774]

ZGC Phase Switch (0 events):
No events

VM Operations (18 events):
Event: 0.248 Executing VM operation: RedefineClasses
Event: 0.248 Executing VM operation: RedefineClasses done
Event: 0.249 Executing VM operation: RedefineClasses
Event: 0.250 Executing VM operation: RedefineClasses done
Event: 0.251 Executing VM operation: RedefineClasses
Event: 0.251 Executing VM operation: RedefineClasses done
Event: 0.326 Executing VM operation: HandshakeAllThreads (Deoptimize)
Event: 0.326 Executing VM operation: HandshakeAllThreads (Deoptimize) done
Event: 0.766 Executing VM operation: HandshakeAllThreads (Deoptimize)
Event: 0.766 Executing VM operation: HandshakeAllThreads (Deoptimize) done
Event: 1.513 Executing VM operation: HandshakeAllThreads (Deoptimize)
Event: 1.513 Executing VM operation: HandshakeAllThreads (Deoptimize) done
Event: 1.513 Executing VM operation: Cleanup
Event: 1.513 Executing VM operation: Cleanup done
Event: 1.521 Executing VM operation: HandshakeAllThreads (Deoptimize)
Event: 1.522 Executing VM operation: HandshakeAllThreads (Deoptimize) done
Event: 1.567 Executing VM operation: G1CollectForAllocation (G1 Evacuation Pause)
Event: 1.575 Executing VM operation: G1CollectForAllocation (G1 Evacuation Pause) done

Events (14 events):
Event: 0.083 Thread 0x000001a941ff2770 Thread added: 0x000001a941ff2770
Event: 0.192 Thread 0x000001a95f8f2440 Thread added: 0x000001a95f8f2440
Event: 0.192 Thread 0x000001a95f8f3100 Thread added: 0x000001a95f8f3100
Event: 0.195 Thread 0x000001a95f8f5190 Thread added: 0x000001a95f8f5190
Event: 0.195 Thread 0x000001a95f8f9c10 Thread added: 0x000001a95f8f9c10
Event: 0.195 Thread 0x000001a95f8fa670 Thread added: 0x000001a95f8fa670
Event: 0.196 Thread 0x000001a95f8fb0d0 Thread added: 0x000001a95f8fb0d0
Event: 0.196 Thread 0x000001a95f8fbe60 Thread added: 0x000001a95f8fbe60
Event: 0.196 Thread 0x000001a95f8fc910 Thread added: 0x000001a95f8fc910
Event: 0.251 Thread 0x000001a95facb8e0 Thread added: 0x000001a95facb8e0
Event: 0.257 Thread 0x000001a95fac1060 Thread added: 0x000001a95fac1060
Event: 0.587 Thread 0x000001a964058010 Thread added: 0x000001a964058010
Event: 0.794 Thread 0x000001a96457c880 Thread added: 0x000001a96457c880
Event: 0.815 Thread 0x000001a96455fa80 Thread added: 0x000001a96455fa80


Dynamic libraries:
0x00007ff6d1240000 - 0x00007ff6d124e000 	C:\Users\ATULP12\.p2\pool\plugins\org.eclipse.justj.openjdk.hotspot.jre.full.win32.x86_64_22.0.1.v20240426-1149\jre\bin\java.exe
0x00007ffcb2b90000 - 0x00007ffcb2da6000 	C:\Windows\SYSTEM32\ntdll.dll
0x00007ffcb28d0000 - 0x00007ffcb2994000 	C:\Windows\System32\KERNEL32.DLL
0x00007ffcb2520000 - 0x00007ffcb28c7000 	C:\Windows\System32\KERNELBASE.dll
0x0000000071410000 - 0x000000007144b000 	C:\Windows\System32\cyinjct.dll
0x00007ffcb23b0000 - 0x00007ffcb23bc000 	C:\Windows\System32\ntnativeapi.dll
0x00007ffc86980000 - 0x00007ffc86997000 	C:\Users\ATULP12\.p2\pool\plugins\org.eclipse.justj.openjdk.hotspot.jre.full.win32.x86_64_22.0.1.v20240426-1149\jre\bin\jli.dll
0x000001a9421e0000 - 0x000001a94238e000 	C:\Windows\System32\USER32.dll
0x00007ffcb0140000 - 0x00007ffcb0166000 	C:\Windows\System32\win32u.dll
0x00007ffcb17b0000 - 0x00007ffcb17d9000 	C:\Windows\System32\GDI32.dll
0x00007ffcafd90000 - 0x00007ffcafea9000 	C:\Windows\System32\gdi32full.dll
0x00007ffcafeb0000 - 0x00007ffcaff4a000 	C:\Windows\System32\msvcp_win.dll
0x000001a942390000 - 0x000001a9424a1000 	C:\Windows\System32\ucrtbase.dll
0x00007ffc86960000 - 0x00007ffc8697b000 	C:\Users\ATULP12\.p2\pool\plugins\org.eclipse.justj.openjdk.hotspot.jre.full.win32.x86_64_22.0.1.v20240426-1149\jre\bin\VCRUNTIME140.dll
0x00007ffc95bc0000 - 0x00007ffc95e53000 	C:\Windows\WinSxS\amd64_microsoft.windows.common-controls_6595b64144ccf1df_6.0.22621.3235_none_270f74e173860f98\COMCTL32.dll
0x00007ffcb12a0000 - 0x00007ffcb1347000 	C:\Windows\System32\msvcrt.dll
0x00007ffcb2390000 - 0x00007ffcb23ae000 	C:\Windows\System32\cyvera.dll
0x00007ffcb2320000 - 0x00007ffcb238e000 	C:\Windows\System32\cyvrtrap.dll
0x00007ffcb0470000 - 0x00007ffcb04a1000 	C:\Windows\System32\IMM32.DLL
0x00007ffc6d270000 - 0x00007ffc6d314000 	C:\Program Files\McAfee\Endpoint Security\Threat Prevention\Ips\EpMPApi.dll
0x00007ffcb2400000 - 0x00007ffcb2515000 	C:\Windows\System32\RPCRT4.dll
0x00007ffcb1050000 - 0x00007ffcb1102000 	C:\Windows\System32\ADVAPI32.dll
0x00007ffcb17e0000 - 0x00007ffcb1888000 	C:\Windows\System32\sechost.dll
0x00007ffcb0290000 - 0x00007ffcb02b8000 	C:\Windows\System32\bcrypt.dll
0x00007ffcb0380000 - 0x00007ffcb03eb000 	C:\Windows\System32\WINTRUST.dll
0x00007ffcaffd0000 - 0x00007ffcb0137000 	C:\Windows\System32\CRYPT32.dll
0x00007ffcaf590000 - 0x00007ffcaf5a2000 	C:\Windows\SYSTEM32\MSASN1.dll
0x0000000051170000 - 0x000000005117c000 	C:\Program Files\McAfee\Endpoint Security\Threat Prevention\Ips\EpMPThe.dll
0x00007ffc6c2c0000 - 0x00007ffc6c31c000 	C:\Program Files\McAfee\Endpoint Security\Threat Prevention\Ips\HIPHandlers64.dll
0x00007ffcb07f0000 - 0x00007ffcb104c000 	C:\Windows\System32\SHELL32.dll
0x00007ffcb0680000 - 0x00007ffcb06de000 	C:\Windows\System32\SHLWAPI.dll
0x00007ffcae520000 - 0x00007ffcae54d000 	C:\Windows\SYSTEM32\IPHLPAPI.DLL
0x00007ffcad320000 - 0x00007ffcad553000 	C:\Windows\SYSTEM32\dbghelp.dll
0x00007ffcb1970000 - 0x00007ffcb1cf8000 	C:\Windows\System32\combase.dll
0x00007ffcb2200000 - 0x00007ffcb22d7000 	C:\Windows\System32\OLEAUT32.dll
0x00007ffc8a440000 - 0x00007ffc8a44c000 	C:\Users\ATULP12\.p2\pool\plugins\org.eclipse.justj.openjdk.hotspot.jre.full.win32.x86_64_22.0.1.v20240426-1149\jre\bin\vcruntime140_1.dll
0x00007ffc868d0000 - 0x00007ffc8695e000 	C:\Users\ATULP12\.p2\pool\plugins\org.eclipse.justj.openjdk.hotspot.jre.full.win32.x86_64_22.0.1.v20240426-1149\jre\bin\msvcp140.dll
0x00007ffc45050000 - 0x00007ffc45e12000 	C:\Users\ATULP12\.p2\pool\plugins\org.eclipse.justj.openjdk.hotspot.jre.full.win32.x86_64_22.0.1.v20240426-1149\jre\bin\server\jvm.dll
0x00007ffcb1d00000 - 0x00007ffcb1d71000 	C:\Windows\System32\WS2_32.dll
0x00007ffcafc60000 - 0x00007ffcafcad000 	C:\Windows\SYSTEM32\POWRPROF.dll
0x00007ffca8470000 - 0x00007ffca84a4000 	C:\Windows\SYSTEM32\WINMM.dll
0x00007ffc9f140000 - 0x00007ffc9f14a000 	C:\Windows\SYSTEM32\VERSION.dll
0x00007ffcafb90000 - 0x00007ffcafba3000 	C:\Windows\SYSTEM32\UMPDC.dll
0x00007ffcaeca0000 - 0x00007ffcaecb8000 	C:\Windows\SYSTEM32\kernel.appcore.dll
0x00007ffc530d0000 - 0x00007ffc530da000 	C:\Users\ATULP12\.p2\pool\plugins\org.eclipse.justj.openjdk.hotspot.jre.full.win32.x86_64_22.0.1.v20240426-1149\jre\bin\jimage.dll
0x00007ffc8b5d0000 - 0x00007ffc8b602000 	C:\Windows\SYSTEM32\dbgcore.DLL
0x00007ffcaff50000 - 0x00007ffcaffc9000 	C:\Windows\System32\bcryptPrimitives.dll
0x00007ffcb22e0000 - 0x00007ffcb2317000 	C:\Program Files\Palo Alto Networks\Traps\cyjagent.dll
0x00007ffc48a70000 - 0x00007ffc48a8e000 	C:\Users\ATULP12\.p2\pool\plugins\org.eclipse.justj.openjdk.hotspot.jre.full.win32.x86_64_22.0.1.v20240426-1149\jre\bin\java.dll
0x00007ffcb13b0000 - 0x00007ffcb1555000 	C:\Windows\System32\ole32.dll
0x00007ffc9ab70000 - 0x00007ffc9ab87000 	C:\Users\ATULP12\.p2\pool\plugins\org.eclipse.justj.openjdk.hotspot.jre.full.win32.x86_64_22.0.1.v20240426-1149\jre\bin\zip.dll
0x00007ffcad9d0000 - 0x00007ffcae2c9000 	C:\Windows\SYSTEM32\windows.storage.dll
0x00007ffcad890000 - 0x00007ffcad9ce000 	C:\Windows\SYSTEM32\wintypes.dll
0x00007ffcb06f0000 - 0x00007ffcb07e3000 	C:\Windows\System32\SHCORE.dll
0x00007ffcafcc0000 - 0x00007ffcafce1000 	C:\Windows\SYSTEM32\profapi.dll
0x00007ffca9220000 - 0x00007ffca9230000 	C:\Users\ATULP12\.p2\pool\plugins\org.eclipse.justj.openjdk.hotspot.jre.full.win32.x86_64_22.0.1.v20240426-1149\jre\bin\net.dll
0x00007ffcaf240000 - 0x00007ffcaf2a9000 	C:\Windows\system32\mswsock.dll
0x00007ffc9ab50000 - 0x00007ffc9ab66000 	C:\Users\ATULP12\.p2\pool\plugins\org.eclipse.justj.openjdk.hotspot.jre.full.win32.x86_64_22.0.1.v20240426-1149\jre\bin\nio.dll
0x00007ffca8880000 - 0x00007ffca888a000 	C:\Users\ATULP12\.p2\pool\plugins\org.eclipse.justj.openjdk.hotspot.jre.full.win32.x86_64_22.0.1.v20240426-1149\jre\bin\management.dll
0x00007ffca8870000 - 0x00007ffca887b000 	C:\Users\ATULP12\.p2\pool\plugins\org.eclipse.justj.openjdk.hotspot.jre.full.win32.x86_64_22.0.1.v20240426-1149\jre\bin\management_ext.dll
0x00007ffcb04b0000 - 0x00007ffcb04b8000 	C:\Windows\System32\PSAPI.DLL

dbghelp: loaded successfully - version: 4.0.5 - missing functions: none
symbol engine: initialized successfully - sym options: 0x614 - pdb path: .;C:\Users\ATULP12\.p2\pool\plugins\org.eclipse.justj.openjdk.hotspot.jre.full.win32.x86_64_22.0.1.v20240426-1149\jre\bin;C:\Windows\SYSTEM32;C:\Windows\WinSxS\amd64_microsoft.windows.common-controls_6595b64144ccf1df_6.0.22621.3235_none_270f74e173860f98;C:\Program Files\McAfee\Endpoint Security\Threat Prevention\Ips;C:\Users\ATULP12\.p2\pool\plugins\org.eclipse.justj.openjdk.hotspot.jre.full.win32.x86_64_22.0.1.v20240426-1149\jre\bin\server;C:\Program Files\Palo Alto Networks\Traps

VM Arguments:
jvm_args: -agentpath:C:\Program Files\Palo Alto Networks\Traps\cyjagent.dll 
java_command: C:\Users\ATULP12\AppData\Local\Temp\surefire1405131072860449549\surefirebooter-20240731142138985_3.jar C:\Users\ATULP12\AppData\Local\Temp\surefire1405131072860449549 2024-07-31T14-21-38_415-jvmRun1 surefire-20240731142138985_1tmp surefire_0-20240731142138985_2tmp
java_class_path (initial): C:\Users\ATULP12\AppData\Local\Temp\surefire1405131072860449549\surefirebooter-20240731142138985_3.jar
Launcher Type: SUN_STANDARD

[Global flags]
     intx CICompilerCount                          = 4                                         {product} {ergonomic}
     uint ConcGCThreads                            = 3                                         {product} {ergonomic}
     uint G1ConcRefinementThreads                  = 10                                        {product} {ergonomic}
   size_t G1HeapRegionSize                         = 2097152                                   {product} {ergonomic}
   size_t InitialHeapSize                          = 264241152                                 {product} {ergonomic}
   size_t MarkStackSize                            = 4194304                                   {product} {ergonomic}
   size_t MaxHeapSize                              = 4200595456                                {product} {ergonomic}
   size_t MaxNewSize                               = 2518679552                                {product} {ergonomic}
   size_t MinHeapDeltaBytes                        = 2097152                                   {product} {ergonomic}
   size_t MinHeapSize                              = 8388608                                   {product} {ergonomic}
    uintx NonNMethodCodeHeapSize                   = 5839372                                {pd product} {ergonomic}
    uintx NonProfiledCodeHeapSize                  = 122909434                              {pd product} {ergonomic}
    uintx ProfiledCodeHeapSize                     = 122909434                              {pd product} {ergonomic}
    uintx ReservedCodeCacheSize                    = 251658240                              {pd product} {ergonomic}
     bool SegmentedCodeCache                       = true                                      {product} {ergonomic}
   size_t SoftMaxHeapSize                          = 4200595456                             {manageable} {ergonomic}
     bool UseCompressedOops                        = true                           {product lp64_product} {ergonomic}
     bool UseG1GC                                  = true                                      {product} {ergonomic}
     bool UseLargePagesIndividualAllocation        = false                                  {pd product} {ergonomic}

Logging:
Log output configuration:
 #0: stdout all=warning uptime,level,tags foldmultilines=false
 #1: stderr all=off uptime,level,tags foldmultilines=false

Environment Variables:
PATH=C:/Users/ATULP12/.p2/pool/plugins/org.eclipse.justj.openjdk.hotspot.jre.full.win32.x86_64_22.0.1.v20240426-1149/jre/bin/server;C:/Users/ATULP12/.p2/pool/plugins/org.eclipse.justj.openjdk.hotspot.jre.full.win32.x86_64_22.0.1.v20240426-1149/jre/bin;C:\Program Files\Common Files\Oracle\Java\javapath;C:\Program Files\Python312\Scripts\;C:\Program Files\Python312\;C:\Program Files\Java\jdk1.8.0_201\bin;C:\Program Files\Microsoft VS Code\bin;C:\Program Files\nodejs\;C:\Program Files\Git\cmd;C:\Users\ATULP12\AppData\Local\Microsoft\WindowsApps;C:\Users\ATULP12\AppData\Roaming\npm;C:\Windows\system32;
USERNAME=atulp12
OS=Windows_NT
PROCESSOR_IDENTIFIER=Intel64 Family 6 Model 154 Stepping 4, GenuineIntel
TMP=C:\Users\ATULP12\AppData\Local\Temp
TEMP=C:\Users\ATULP12\AppData\Local\Temp




Periodic native trim disabled

---------------  S Y S T E M  ---------------

OS:
 Windows 11 , 64 bit Build 22621 (10.0.22621.3374)
OS uptime: 0 days 2:25 hours
Hyper-V role detected

CPU: total 12 (initial active 12) (6 cores per cpu, 2 threads per core) family 6 model 154 stepping 4 microcode 0x430, cx8, cmov, fxsr, ht, mmx, 3dnowpref, sse, sse2, sse3, ssse3, sse4.1, sse4.2, popcnt, lzcnt, tsc, tscinvbit, avx, avx2, aes, erms, clmul, bmi1, bmi2, adx, sha, fma, vzeroupper, clflush, clflushopt, clwb, hv, serialize, rdtscp, rdpid, fsrm, f16c, cet_ibt, cet_ss
Processor Information for processor 0
  Max Mhz: 1800, Current Mhz: 1472, Mhz Limit: 1800
Processor Information for processor 1
  Max Mhz: 1800, Current Mhz: 1800, Mhz Limit: 1800
Processor Information for processor 2
  Max Mhz: 1800, Current Mhz: 1800, Mhz Limit: 1800
Processor Information for processor 3
  Max Mhz: 1800, Current Mhz: 1472, Mhz Limit: 1800
Processor Information for processor 4
  Max Mhz: 1800, Current Mhz: 1300, Mhz Limit: 1296
Processor Information for processor 5
  Max Mhz: 1800, Current Mhz: 1300, Mhz Limit: 1296
Processor Information for processor 6
  Max Mhz: 1800, Current Mhz: 1300, Mhz Limit: 1296
Processor Information for processor 7
  Max Mhz: 1800, Current Mhz: 1300, Mhz Limit: 1296
Processor Information for processor 8
  Max Mhz: 1800, Current Mhz: 1300, Mhz Limit: 1296
Processor Information for processor 9
  Max Mhz: 1800, Current Mhz: 1300, Mhz Limit: 1296
Processor Information for processor 10
  Max Mhz: 1800, Current Mhz: 1300, Mhz Limit: 1296
Processor Information for processor 11
  Max Mhz: 1800, Current Mhz: 1300, Mhz Limit: 1296

Memory: 4k page, system-wide physical 16016M (4121M free)
TotalPageFile size 16016M (AvailPageFile size 27M)
current process WorkingSet (physical memory assigned to process): 97M, peak: 97M
current process commit charge ("private bytes"): 363M, peak: 363M

vm_info: OpenJDK 64-Bit Server VM (22.0.1+8) for windows-amd64 JRE (22.0.1+8), built on 2024-04-16T00:00:00Z by "admin" with MS VC++ 17.7 (VS2022)

END.
